<?xml version="1.0" encoding="UTF-8"?>
<testsuite xmlns:xsi="http://www.w3.org/2001/XMLSchema-instance" xsi:noNamespaceSchemaLocation="https://maven.apache.org/surefire/maven-surefire-plugin/xsd/surefire-test-report-3.0.xsd" version="3.0" name="com.example.AppTest" time="0.009" tests="4" errors="0" skipped="0" failures="0">
  <properties>
    <property name="java.specification.version" value="21"/>
    <property name="sun.cpu.isalist" value="amd64"/>
    <property name="sun.jnu.encoding" value="Cp1252"/>
    <property name="java.class.path" value="C:\Users\Raihan Sulthon Y\OneDrive - Telkom University\Documents\Kuliah\calculator\target\test-classes;C:\Users\Raihan Sulthon Y\OneDrive - Telkom University\Documents\Kuliah\calculator\target\classes;C:\Users\Raihan Sulthon Y\.m2\repository\org\junit\platform\junit-platform-console-standalone\1.11.0-M2\junit-platform-console-standalone-1.11.0-M2.jar;"/>
    <property name="java.vm.vendor" value="Oracle Corporation"/>
    <property name="sun.arch.data.model" value="64"/>
    <property name="user.variant" value=""/>
    <property name="java.vendor.url" value="https://java.oracle.com/"/>
    <property name="user.timezone" value="Asia/Jakarta"/>
    <property name="os.name" value="Windows 11"/>
    <property name="java.vm.specification.version" value="21"/>
    <property name="sun.java.launcher" value="SUN_STANDARD"/>
    <property name="user.country" value="ID"/>
    <property name="sun.boot.library.path" value="C:\Program Files\Java\jdk-21\bin"/>
    <property name="sun.java.command" value="C:\Users\Raihan Sulthon Y\AppData\Local\Temp\surefire5302312616151692403\surefirebooter-20240605121359629_3.jar C:\Users\Raihan Sulthon Y\AppData\Local\Temp\surefire5302312616151692403 2024-06-05T12-13-59_506-jvmRun1 surefire-20240605121359629_1tmp surefire_0-20240605121359629_2tmp"/>
    <property name="jdk.debug" value="release"/>
    <property name="surefire.test.class.path" value="C:\Users\Raihan Sulthon Y\OneDrive - Telkom University\Documents\Kuliah\calculator\target\test-classes;C:\Users\Raihan Sulthon Y\OneDrive - Telkom University\Documents\Kuliah\calculator\target\classes;C:\Users\Raihan Sulthon Y\.m2\repository\org\junit\platform\junit-platform-console-standalone\1.11.0-M2\junit-platform-console-standalone-1.11.0-M2.jar;"/>
    <property name="sun.cpu.endian" value="little"/>
    <property name="user.home" value="C:\Users\Raihan Sulthon Y"/>
    <property name="user.language" value="en"/>
    <property name="java.specification.vendor" value="Oracle Corporation"/>
    <property name="java.version.date" value="2023-10-17"/>
    <property name="java.home" value="C:\Program Files\Java\jdk-21"/>
    <property name="file.separator" value="\"/>
    <property name="basedir" value="C:\Users\Raihan Sulthon Y\OneDrive - Telkom University\Documents\Kuliah\calculator"/>
    <property name="java.vm.compressedOopsMode" value="Zero based"/>
    <property name="line.separator" value="&#10;"/>
    <property name="java.vm.specification.vendor" value="Oracle Corporation"/>
    <property name="java.specification.name" value="Java Platform API Specification"/>
    <property name="surefire.real.class.path" value="C:\Users\Raihan Sulthon Y\AppData\Local\Temp\surefire5302312616151692403\surefirebooter-20240605121359629_3.jar"/>
    <property name="user.script" value=""/>
    <property name="sun.management.compiler" value="HotSpot 64-Bit Tiered Compilers"/>
    <property name="java.runtime.version" value="21.0.1+12-LTS-29"/>
    <property name="user.name" value="Raihan Sulthon Y"/>
    <property name="stdout.encoding" value="UTF-8"/>
    <property name="path.separator" value=";"/>
    <property name="os.version" value="10.0"/>
    <property name="java.runtime.name" value="Java(TM) SE Runtime Environment"/>
    <property name="file.encoding" value="UTF-8"/>
    <property name="java.vm.name" value="Java HotSpot(TM) 64-Bit Server VM"/>
    <property name="localRepository" value="C:\Users\Raihan Sulthon Y\.m2\repository"/>
    <property name="java.vendor.url.bug" value="https://bugreport.java.com/bugreport/"/>
    <property name="java.io.tmpdir" value="C:\Users\RAIHAN~1\AppData\Local\Temp\"/>
    <property name="java.version" value="21.0.1"/>
    <property name="user.dir" value="C:\Users\Raihan Sulthon Y\OneDrive - Telkom University\Documents\Kuliah\calculator"/>
    <property name="os.arch" value="amd64"/>
    <property name="java.vm.specification.name" value="Java Virtual Machine Specification"/>
    <property name="sun.os.patch.level" value=""/>
    <property name="native.encoding" value="Cp1252"/>
    <property name="java.library.path" value="C:\Program Files\Java\jdk-21\bin;C:\WINDOWS\Sun\Java\bin;C:\WINDOWS\system32;C:\WINDOWS;C:\Users\Raihan Sulthon Y\AppData\Roaming\Code\User\globalStorage\pleiades.java-extension-pack-jdk\gradle\latest\bin;C:\Users\Raihan Sulthon Y\AppData\Roaming\Code\User\globalStorage\pleiades.java-extension-pack-jdk\maven\latest\bin;C:\Program Files\Java\jdk-21\bin;C:\Program Files\Common Files\Oracle\Java\javapath;C:\Games\NewFolder\product\11.2.0\dbhome_1\bin;C:\Program Files\CodeBlocks\MinGW\bin;C:\Windows\system32;C:\Windows;C:\Windows\System32\Wbem;C:\Windows\System32\WindowsPowerShell\v1.0\;C:\Windows\System32\OpenSSH\;C:\Program Files (x86)\NVIDIA Corporation\PhysX\Common;C:\WINDOWS\system32;C:\WINDOWS;C:\WINDOWS\System32\Wbem;C:\WINDOWS\System32\WindowsPowerShell\v1.0\;C:\WINDOWS\System32\OpenSSH\;C:\Users\Raihan Sulthon Y\AppData\Local\Programs\Python\Python39\Scripts\;C:\Program Files\Microsoft SQL Server\150\Tools\Binn\;C:\Program Files\Git\cmd;C:\Program Files\NVIDIA Corporation\NVIDIA NvDLISR;C:\xampp\php;C:\composer;C:\Program Files\nodejs\;C:\Users\Raihan Sulthon Y\OneDrive - Telkom University\Desktop\gradle-8.4-all\gradle-8.4\bin;C:\Program Files\dotnet\;C:\Program Files\Microsoft SQL Server\Client SDK\ODBC\170\Tools\Binn\;C:\ProgramData\chocolatey\bin;C:\Program Files\Cloudflare\Cloudflare WARP\;C:\Program Files\Java\jdk-21;C:\Program Files (x86)\Windows Kits\10\Windows Performance Toolkit\;C:\flutter\bin;C:\Users\Raihan Sulthon Y\Downloads\apache-maven-3.9.7-bin\apache-maven-3.9.7\bin;C:\Users\Raihan Sulthon Y\AppData\Local\Programs\Python\Launcher\;C:\Users\Raihan Sulthon Y\AppData\Local\Microsoft\WindowsApps;C:\MinGW\bin;C:\Users\Raihan Sulthon Y\AppData\Local\GitHubDesktop\bin;C:\Users\Raihan Sulthon Y\.dotnet\tools;C:\Users\Raihan Sulthon Y\AppData\Local\spicetify;C:\Users\Raihan Sulthon Y\AppData\Roaming\Composer\vendor\bin;C:\Users\Raihan Sulthon Y\AppData\Roaming\npm;C:\Users\Raihan Sulthon Y\AppData\Local\Microsoft\WindowsApps;C:\Users\Raihan Sulthon Y\AppData\Local\Pub\Cache\bin;C:\Program Files\Java\jdk-21;C:\Users\Raihan Sulthon Y\AppData\Local\Programs\Microsoft VS Code\bin;C:\flutter\bin;C:\Users\Raihan Sulthon Y\.dotnet\tools;;."/>
    <property name="java.vm.info" value="mixed mode, sharing"/>
    <property name="stderr.encoding" value="UTF-8"/>
    <property name="java.vendor" value="Oracle Corporation"/>
    <property name="java.vm.version" value="21.0.1+12-LTS-29"/>
    <property name="sun.io.unicode.encoding" value="UnicodeLittle"/>
    <property name="java.class.version" value="65.0"/>
  </properties>
  <testcase name="com.example.AppTest.testDivision()" classname="com.example.AppTest" time="0.001"/>
  <testcase name="com.example.AppTest.testMultiplication()" classname="com.example.AppTest" time="0.0"/>
  <testcase name="com.example.AppTest.testSubtraction()" classname="com.example.AppTest" time="0.0"/>
  <testcase name="com.example.AppTest.testAddition()" classname="com.example.AppTest" time="0.0"/>
</testsuite>